<?xml version="1.0" encoding="UTF-8"?>
<testsuite xmlns:xsi="http://www.w3.org/2001/XMLSchema-instance" xsi:noNamespaceSchemaLocation="https://maven.apache.org/surefire/maven-surefire-plugin/xsd/surefire-test-report-3.0.xsd" version="3.0" name="br.unifor.ppgia.resiliencebench.resources.BenchmarkFactoryTest" time="0.016" tests="1" errors="0" skipped="0" failures="0">
  <properties>
    <property name="java.specification.version" value="17"/>
    <property name="sun.jnu.encoding" value="UTF-8"/>
    <property name="java.class.path" value="/Users/carlosmendes/github/cmendesce/resilience-bench-operator/target/test-classes:/Users/carlosmendes/github/cmendesce/resilience-bench-operator/target/classes:/Users/carlosmendes/.m2/repository/io/javaoperatorsdk/operator-framework/4.4.1/operator-framework-4.4.1.jar:/Users/carlosmendes/.m2/repository/io/javaoperatorsdk/operator-framework-core/4.4.1/operator-framework-core-4.4.1.jar:/Users/carlosmendes/.m2/repository/io/fabric8/kubernetes-client/6.7.2/kubernetes-client-6.7.2.jar:/Users/carlosmendes/.m2/repository/io/fabric8/zjsonpatch/0.3.0/zjsonpatch-0.3.0.jar:/Users/carlosmendes/.m2/repository/org/apache/commons/commons-lang3/3.12.0/commons-lang3-3.12.0.jar:/Users/carlosmendes/.m2/repository/org/slf4j/slf4j-api/1.7.36/slf4j-api-1.7.36.jar:/Users/carlosmendes/.m2/repository/com/squareup/javapoet/1.13.0/javapoet-1.13.0.jar:/Users/carlosmendes/.m2/repository/io/fabric8/kubernetes-httpclient-vertx/6.7.2/kubernetes-httpclient-vertx-6.7.2.jar:/Users/carlosmendes/.m2/repository/io/fabric8/kubernetes-client-api/6.7.2/kubernetes-client-api-6.7.2.jar:/Users/carlosmendes/.m2/repository/io/fabric8/kubernetes-model-core/6.7.2/kubernetes-model-core-6.7.2.jar:/Users/carlosmendes/.m2/repository/com/fasterxml/jackson/core/jackson-annotations/2.15.2/jackson-annotations-2.15.2.jar:/Users/carlosmendes/.m2/repository/io/fabric8/kubernetes-model-gatewayapi/6.7.2/kubernetes-model-gatewayapi-6.7.2.jar:/Users/carlosmendes/.m2/repository/io/fabric8/kubernetes-model-resource/6.7.2/kubernetes-model-resource-6.7.2.jar:/Users/carlosmendes/.m2/repository/io/fabric8/kubernetes-model-rbac/6.7.2/kubernetes-model-rbac-6.7.2.jar:/Users/carlosmendes/.m2/repository/io/fabric8/kubernetes-model-admissionregistration/6.7.2/kubernetes-model-admissionregistration-6.7.2.jar:/Users/carlosmendes/.m2/repository/io/fabric8/kubernetes-model-apps/6.7.2/kubernetes-model-apps-6.7.2.jar:/Users/carlosmendes/.m2/repository/io/fabric8/kubernetes-model-autoscaling/6.7.2/kubernetes-model-autoscaling-6.7.2.jar:/Users/carlosmendes/.m2/repository/io/fabric8/kubernetes-model-apiextensions/6.7.2/kubernetes-model-apiextensions-6.7.2.jar:/Users/carlosmendes/.m2/repository/io/fabric8/kubernetes-model-batch/6.7.2/kubernetes-model-batch-6.7.2.jar:/Users/carlosmendes/.m2/repository/io/fabric8/kubernetes-model-certificates/6.7.2/kubernetes-model-certificates-6.7.2.jar:/Users/carlosmendes/.m2/repository/io/fabric8/kubernetes-model-coordination/6.7.2/kubernetes-model-coordination-6.7.2.jar:/Users/carlosmendes/.m2/repository/io/fabric8/kubernetes-model-discovery/6.7.2/kubernetes-model-discovery-6.7.2.jar:/Users/carlosmendes/.m2/repository/io/fabric8/kubernetes-model-events/6.7.2/kubernetes-model-events-6.7.2.jar:/Users/carlosmendes/.m2/repository/io/fabric8/kubernetes-model-extensions/6.7.2/kubernetes-model-extensions-6.7.2.jar:/Users/carlosmendes/.m2/repository/io/fabric8/kubernetes-model-flowcontrol/6.7.2/kubernetes-model-flowcontrol-6.7.2.jar:/Users/carlosmendes/.m2/repository/io/fabric8/kubernetes-model-networking/6.7.2/kubernetes-model-networking-6.7.2.jar:/Users/carlosmendes/.m2/repository/io/fabric8/kubernetes-model-metrics/6.7.2/kubernetes-model-metrics-6.7.2.jar:/Users/carlosmendes/.m2/repository/io/fabric8/kubernetes-model-policy/6.7.2/kubernetes-model-policy-6.7.2.jar:/Users/carlosmendes/.m2/repository/io/fabric8/kubernetes-model-scheduling/6.7.2/kubernetes-model-scheduling-6.7.2.jar:/Users/carlosmendes/.m2/repository/io/fabric8/kubernetes-model-storageclass/6.7.2/kubernetes-model-storageclass-6.7.2.jar:/Users/carlosmendes/.m2/repository/io/fabric8/kubernetes-model-node/6.7.2/kubernetes-model-node-6.7.2.jar:/Users/carlosmendes/.m2/repository/org/snakeyaml/snakeyaml-engine/2.6/snakeyaml-engine-2.6.jar:/Users/carlosmendes/.m2/repository/com/fasterxml/jackson/dataformat/jackson-dataformat-yaml/2.15.2/jackson-dataformat-yaml-2.15.2.jar:/Users/carlosmendes/.m2/repository/org/yaml/snakeyaml/2.0/snakeyaml-2.0.jar:/Users/carlosmendes/.m2/repository/com/fasterxml/jackson/datatype/jackson-datatype-jsr310/2.15.2/jackson-datatype-jsr310-2.15.2.jar:/Users/carlosmendes/.m2/repository/com/fasterxml/jackson/core/jackson-databind/2.15.2/jackson-databind-2.15.2.jar:/Users/carlosmendes/.m2/repository/com/fasterxml/jackson/core/jackson-core/2.15.2/jackson-core-2.15.2.jar:/Users/carlosmendes/.m2/repository/io/vertx/vertx-core/4.4.3/vertx-core-4.4.3.jar:/Users/carlosmendes/.m2/repository/io/netty/netty-common/4.1.93.Final/netty-common-4.1.93.Final.jar:/Users/carlosmendes/.m2/repository/io/netty/netty-buffer/4.1.93.Final/netty-buffer-4.1.93.Final.jar:/Users/carlosmendes/.m2/repository/io/netty/netty-transport/4.1.93.Final/netty-transport-4.1.93.Final.jar:/Users/carlosmendes/.m2/repository/io/netty/netty-handler/4.1.93.Final/netty-handler-4.1.93.Final.jar:/Users/carlosmendes/.m2/repository/io/netty/netty-transport-native-unix-common/4.1.93.Final/netty-transport-native-unix-common-4.1.93.Final.jar:/Users/carlosmendes/.m2/repository/io/netty/netty-codec/4.1.93.Final/netty-codec-4.1.93.Final.jar:/Users/carlosmendes/.m2/repository/io/netty/netty-handler-proxy/4.1.93.Final/netty-handler-proxy-4.1.93.Final.jar:/Users/carlosmendes/.m2/repository/io/netty/netty-codec-socks/4.1.93.Final/netty-codec-socks-4.1.93.Final.jar:/Users/carlosmendes/.m2/repository/io/netty/netty-codec-http/4.1.93.Final/netty-codec-http-4.1.93.Final.jar:/Users/carlosmendes/.m2/repository/io/netty/netty-codec-http2/4.1.93.Final/netty-codec-http2-4.1.93.Final.jar:/Users/carlosmendes/.m2/repository/io/netty/netty-resolver/4.1.93.Final/netty-resolver-4.1.93.Final.jar:/Users/carlosmendes/.m2/repository/io/netty/netty-resolver-dns/4.1.93.Final/netty-resolver-dns-4.1.93.Final.jar:/Users/carlosmendes/.m2/repository/io/netty/netty-codec-dns/4.1.93.Final/netty-codec-dns-4.1.93.Final.jar:/Users/carlosmendes/.m2/repository/io/vertx/vertx-web-client/4.4.3/vertx-web-client-4.4.3.jar:/Users/carlosmendes/.m2/repository/io/vertx/vertx-uri-template/4.4.3/vertx-uri-template-4.4.3.jar:/Users/carlosmendes/.m2/repository/io/vertx/vertx-web-common/4.4.3/vertx-web-common-4.4.3.jar:/Users/carlosmendes/.m2/repository/io/vertx/vertx-auth-common/4.4.3/vertx-auth-common-4.4.3.jar:/Users/carlosmendes/.m2/repository/io/fabric8/crd-generator-apt/6.7.2/crd-generator-apt-6.7.2.jar:/Users/carlosmendes/.m2/repository/io/fabric8/crd-generator-api/6.7.2/crd-generator-api-6.7.2.jar:/Users/carlosmendes/.m2/repository/io/fabric8/generator-annotations/6.7.2/generator-annotations-6.7.2.jar:/Users/carlosmendes/.m2/repository/io/fabric8/kubernetes-model-common/6.7.2/kubernetes-model-common-6.7.2.jar:/Users/carlosmendes/.m2/repository/io/sundr/sundr-adapter-reflect/0.95.0/sundr-adapter-reflect-0.95.0.jar:/Users/carlosmendes/.m2/repository/io/sundr/sundr-model/0.95.0/sundr-model-0.95.0.jar:/Users/carlosmendes/.m2/repository/io/sundr/sundr-core/0.95.0/sundr-core-0.95.0.jar:/Users/carlosmendes/.m2/repository/io/sundr/sundr-model-base/0.95.0/sundr-model-base-0.95.0.jar:/Users/carlosmendes/.m2/repository/io/sundr/sundr-adapter-api/0.95.0/sundr-adapter-api-0.95.0.jar:/Users/carlosmendes/.m2/repository/io/sundr/sundr-model-utils/0.95.0/sundr-model-utils-0.95.0.jar:/Users/carlosmendes/.m2/repository/io/sundr/sundr-model-repo/0.95.0/sundr-model-repo-0.95.0.jar:/Users/carlosmendes/.m2/repository/io/sundr/builder-annotations/0.95.0/builder-annotations-0.95.0.jar:/Users/carlosmendes/.m2/repository/io/sundr/sundr-codegen-apt/0.95.0/sundr-codegen-apt-0.95.0.jar:/Users/carlosmendes/.m2/repository/io/sundr/sundr-codegen-api/0.95.0/sundr-codegen-api-0.95.0.jar:/Users/carlosmendes/.m2/repository/io/sundr/sundr-adapter-apt/0.95.0/sundr-adapter-apt-0.95.0.jar:/Users/carlosmendes/.m2/repository/io/sundr/resourcecify-annotations/0.95.0/resourcecify-annotations-0.95.0.jar:/Users/carlosmendes/.m2/repository/org/apache/logging/log4j/log4j-slf4j-impl/2.20.0/log4j-slf4j-impl-2.20.0.jar:/Users/carlosmendes/.m2/repository/org/apache/logging/log4j/log4j-api/2.20.0/log4j-api-2.20.0.jar:/Users/carlosmendes/.m2/repository/org/apache/logging/log4j/log4j-core/2.20.0/log4j-core-2.20.0.jar:/Users/carlosmendes/.m2/repository/org/takes/takes/1.24.4/takes-1.24.4.jar:/Users/carlosmendes/.m2/repository/org/cactoos/cactoos/0.54.0/cactoos-0.54.0.jar:/Users/carlosmendes/.m2/repository/javax/xml/bind/jaxb-api/2.4.0-b180830.0359/jaxb-api-2.4.0-b180830.0359.jar:/Users/carlosmendes/.m2/repository/javax/activation/javax.activation-api/1.2.0/javax.activation-api-1.2.0.jar:/Users/carlosmendes/.m2/repository/com/sun/xml/bind/jaxb-core/4.0.0/jaxb-core-4.0.0.jar:/Users/carlosmendes/.m2/repository/jakarta/xml/bind/jakarta.xml.bind-api/4.0.0/jakarta.xml.bind-api-4.0.0.jar:/Users/carlosmendes/.m2/repository/jakarta/activation/jakarta.activation-api/2.1.0/jakarta.activation-api-2.1.0.jar:/Users/carlosmendes/.m2/repository/org/eclipse/angus/angus-activation/1.0.0/angus-activation-1.0.0.jar:/Users/carlosmendes/.m2/repository/com/sun/xml/bind/jaxb-impl/4.0.0/jaxb-impl-4.0.0.jar:/Users/carlosmendes/.m2/repository/org/junit/jupiter/junit-jupiter-api/5.9.2/junit-jupiter-api-5.9.2.jar:/Users/carlosmendes/.m2/repository/org/opentest4j/opentest4j/1.2.0/opentest4j-1.2.0.jar:/Users/carlosmendes/.m2/repository/org/junit/platform/junit-platform-commons/1.9.2/junit-platform-commons-1.9.2.jar:/Users/carlosmendes/.m2/repository/org/apiguardian/apiguardian-api/1.1.2/apiguardian-api-1.1.2.jar:/Users/carlosmendes/.m2/repository/org/junit/jupiter/junit-jupiter-engine/5.9.2/junit-jupiter-engine-5.9.2.jar:/Users/carlosmendes/.m2/repository/org/junit/platform/junit-platform-engine/1.9.2/junit-platform-engine-1.9.2.jar:/Users/carlosmendes/.m2/repository/org/awaitility/awaitility/4.2.0/awaitility-4.2.0.jar:/Users/carlosmendes/.m2/repository/org/hamcrest/hamcrest/2.1/hamcrest-2.1.jar:/Users/carlosmendes/.m2/repository/io/javaoperatorsdk/operator-framework-junit-5/4.4.1/operator-framework-junit-5-4.4.1.jar:/Users/carlosmendes/.m2/repository/org/assertj/assertj-core/3.24.2/assertj-core-3.24.2.jar:/Users/carlosmendes/.m2/repository/net/bytebuddy/byte-buddy/1.12.21/byte-buddy-1.12.21.jar:"/>
    <property name="java.vm.vendor" value="Homebrew"/>
    <property name="sun.arch.data.model" value="64"/>
    <property name="java.vendor.url" value="https://github.com/Homebrew/homebrew-core/issues"/>
    <property name="os.name" value="Mac OS X"/>
    <property name="java.vm.specification.version" value="17"/>
    <property name="sun.java.launcher" value="SUN_STANDARD"/>
    <property name="user.country" value="BR"/>
    <property name="sun.boot.library.path" value="/opt/homebrew/Cellar/openjdk/17.0.2/libexec/openjdk.jdk/Contents/Home/lib"/>
    <property name="sun.java.command" value="/Users/carlosmendes/github/cmendesce/resilience-bench-operator/target/surefire/surefirebooter-20230902193040188_3.jar /Users/carlosmendes/github/cmendesce/resilience-bench-operator/target/surefire 2023-09-02T19-30-40_139-jvmRun1 surefire-20230902193040188_1tmp surefire_0-20230902193040188_2tmp"/>
    <property name="http.nonProxyHosts" value="local|*.local|169.254/16|*.169.254/16"/>
    <property name="jdk.debug" value="release"/>
    <property name="surefire.test.class.path" value="/Users/carlosmendes/github/cmendesce/resilience-bench-operator/target/test-classes:/Users/carlosmendes/github/cmendesce/resilience-bench-operator/target/classes:/Users/carlosmendes/.m2/repository/io/javaoperatorsdk/operator-framework/4.4.1/operator-framework-4.4.1.jar:/Users/carlosmendes/.m2/repository/io/javaoperatorsdk/operator-framework-core/4.4.1/operator-framework-core-4.4.1.jar:/Users/carlosmendes/.m2/repository/io/fabric8/kubernetes-client/6.7.2/kubernetes-client-6.7.2.jar:/Users/carlosmendes/.m2/repository/io/fabric8/zjsonpatch/0.3.0/zjsonpatch-0.3.0.jar:/Users/carlosmendes/.m2/repository/org/apache/commons/commons-lang3/3.12.0/commons-lang3-3.12.0.jar:/Users/carlosmendes/.m2/repository/org/slf4j/slf4j-api/1.7.36/slf4j-api-1.7.36.jar:/Users/carlosmendes/.m2/repository/com/squareup/javapoet/1.13.0/javapoet-1.13.0.jar:/Users/carlosmendes/.m2/repository/io/fabric8/kubernetes-httpclient-vertx/6.7.2/kubernetes-httpclient-vertx-6.7.2.jar:/Users/carlosmendes/.m2/repository/io/fabric8/kubernetes-client-api/6.7.2/kubernetes-client-api-6.7.2.jar:/Users/carlosmendes/.m2/repository/io/fabric8/kubernetes-model-core/6.7.2/kubernetes-model-core-6.7.2.jar:/Users/carlosmendes/.m2/repository/com/fasterxml/jackson/core/jackson-annotations/2.15.2/jackson-annotations-2.15.2.jar:/Users/carlosmendes/.m2/repository/io/fabric8/kubernetes-model-gatewayapi/6.7.2/kubernetes-model-gatewayapi-6.7.2.jar:/Users/carlosmendes/.m2/repository/io/fabric8/kubernetes-model-resource/6.7.2/kubernetes-model-resource-6.7.2.jar:/Users/carlosmendes/.m2/repository/io/fabric8/kubernetes-model-rbac/6.7.2/kubernetes-model-rbac-6.7.2.jar:/Users/carlosmendes/.m2/repository/io/fabric8/kubernetes-model-admissionregistration/6.7.2/kubernetes-model-admissionregistration-6.7.2.jar:/Users/carlosmendes/.m2/repository/io/fabric8/kubernetes-model-apps/6.7.2/kubernetes-model-apps-6.7.2.jar:/Users/carlosmendes/.m2/repository/io/fabric8/kubernetes-model-autoscaling/6.7.2/kubernetes-model-autoscaling-6.7.2.jar:/Users/carlosmendes/.m2/repository/io/fabric8/kubernetes-model-apiextensions/6.7.2/kubernetes-model-apiextensions-6.7.2.jar:/Users/carlosmendes/.m2/repository/io/fabric8/kubernetes-model-batch/6.7.2/kubernetes-model-batch-6.7.2.jar:/Users/carlosmendes/.m2/repository/io/fabric8/kubernetes-model-certificates/6.7.2/kubernetes-model-certificates-6.7.2.jar:/Users/carlosmendes/.m2/repository/io/fabric8/kubernetes-model-coordination/6.7.2/kubernetes-model-coordination-6.7.2.jar:/Users/carlosmendes/.m2/repository/io/fabric8/kubernetes-model-discovery/6.7.2/kubernetes-model-discovery-6.7.2.jar:/Users/carlosmendes/.m2/repository/io/fabric8/kubernetes-model-events/6.7.2/kubernetes-model-events-6.7.2.jar:/Users/carlosmendes/.m2/repository/io/fabric8/kubernetes-model-extensions/6.7.2/kubernetes-model-extensions-6.7.2.jar:/Users/carlosmendes/.m2/repository/io/fabric8/kubernetes-model-flowcontrol/6.7.2/kubernetes-model-flowcontrol-6.7.2.jar:/Users/carlosmendes/.m2/repository/io/fabric8/kubernetes-model-networking/6.7.2/kubernetes-model-networking-6.7.2.jar:/Users/carlosmendes/.m2/repository/io/fabric8/kubernetes-model-metrics/6.7.2/kubernetes-model-metrics-6.7.2.jar:/Users/carlosmendes/.m2/repository/io/fabric8/kubernetes-model-policy/6.7.2/kubernetes-model-policy-6.7.2.jar:/Users/carlosmendes/.m2/repository/io/fabric8/kubernetes-model-scheduling/6.7.2/kubernetes-model-scheduling-6.7.2.jar:/Users/carlosmendes/.m2/repository/io/fabric8/kubernetes-model-storageclass/6.7.2/kubernetes-model-storageclass-6.7.2.jar:/Users/carlosmendes/.m2/repository/io/fabric8/kubernetes-model-node/6.7.2/kubernetes-model-node-6.7.2.jar:/Users/carlosmendes/.m2/repository/org/snakeyaml/snakeyaml-engine/2.6/snakeyaml-engine-2.6.jar:/Users/carlosmendes/.m2/repository/com/fasterxml/jackson/dataformat/jackson-dataformat-yaml/2.15.2/jackson-dataformat-yaml-2.15.2.jar:/Users/carlosmendes/.m2/repository/org/yaml/snakeyaml/2.0/snakeyaml-2.0.jar:/Users/carlosmendes/.m2/repository/com/fasterxml/jackson/datatype/jackson-datatype-jsr310/2.15.2/jackson-datatype-jsr310-2.15.2.jar:/Users/carlosmendes/.m2/repository/com/fasterxml/jackson/core/jackson-databind/2.15.2/jackson-databind-2.15.2.jar:/Users/carlosmendes/.m2/repository/com/fasterxml/jackson/core/jackson-core/2.15.2/jackson-core-2.15.2.jar:/Users/carlosmendes/.m2/repository/io/vertx/vertx-core/4.4.3/vertx-core-4.4.3.jar:/Users/carlosmendes/.m2/repository/io/netty/netty-common/4.1.93.Final/netty-common-4.1.93.Final.jar:/Users/carlosmendes/.m2/repository/io/netty/netty-buffer/4.1.93.Final/netty-buffer-4.1.93.Final.jar:/Users/carlosmendes/.m2/repository/io/netty/netty-transport/4.1.93.Final/netty-transport-4.1.93.Final.jar:/Users/carlosmendes/.m2/repository/io/netty/netty-handler/4.1.93.Final/netty-handler-4.1.93.Final.jar:/Users/carlosmendes/.m2/repository/io/netty/netty-transport-native-unix-common/4.1.93.Final/netty-transport-native-unix-common-4.1.93.Final.jar:/Users/carlosmendes/.m2/repository/io/netty/netty-codec/4.1.93.Final/netty-codec-4.1.93.Final.jar:/Users/carlosmendes/.m2/repository/io/netty/netty-handler-proxy/4.1.93.Final/netty-handler-proxy-4.1.93.Final.jar:/Users/carlosmendes/.m2/repository/io/netty/netty-codec-socks/4.1.93.Final/netty-codec-socks-4.1.93.Final.jar:/Users/carlosmendes/.m2/repository/io/netty/netty-codec-http/4.1.93.Final/netty-codec-http-4.1.93.Final.jar:/Users/carlosmendes/.m2/repository/io/netty/netty-codec-http2/4.1.93.Final/netty-codec-http2-4.1.93.Final.jar:/Users/carlosmendes/.m2/repository/io/netty/netty-resolver/4.1.93.Final/netty-resolver-4.1.93.Final.jar:/Users/carlosmendes/.m2/repository/io/netty/netty-resolver-dns/4.1.93.Final/netty-resolver-dns-4.1.93.Final.jar:/Users/carlosmendes/.m2/repository/io/netty/netty-codec-dns/4.1.93.Final/netty-codec-dns-4.1.93.Final.jar:/Users/carlosmendes/.m2/repository/io/vertx/vertx-web-client/4.4.3/vertx-web-client-4.4.3.jar:/Users/carlosmendes/.m2/repository/io/vertx/vertx-uri-template/4.4.3/vertx-uri-template-4.4.3.jar:/Users/carlosmendes/.m2/repository/io/vertx/vertx-web-common/4.4.3/vertx-web-common-4.4.3.jar:/Users/carlosmendes/.m2/repository/io/vertx/vertx-auth-common/4.4.3/vertx-auth-common-4.4.3.jar:/Users/carlosmendes/.m2/repository/io/fabric8/crd-generator-apt/6.7.2/crd-generator-apt-6.7.2.jar:/Users/carlosmendes/.m2/repository/io/fabric8/crd-generator-api/6.7.2/crd-generator-api-6.7.2.jar:/Users/carlosmendes/.m2/repository/io/fabric8/generator-annotations/6.7.2/generator-annotations-6.7.2.jar:/Users/carlosmendes/.m2/repository/io/fabric8/kubernetes-model-common/6.7.2/kubernetes-model-common-6.7.2.jar:/Users/carlosmendes/.m2/repository/io/sundr/sundr-adapter-reflect/0.95.0/sundr-adapter-reflect-0.95.0.jar:/Users/carlosmendes/.m2/repository/io/sundr/sundr-model/0.95.0/sundr-model-0.95.0.jar:/Users/carlosmendes/.m2/repository/io/sundr/sundr-core/0.95.0/sundr-core-0.95.0.jar:/Users/carlosmendes/.m2/repository/io/sundr/sundr-model-base/0.95.0/sundr-model-base-0.95.0.jar:/Users/carlosmendes/.m2/repository/io/sundr/sundr-adapter-api/0.95.0/sundr-adapter-api-0.95.0.jar:/Users/carlosmendes/.m2/repository/io/sundr/sundr-model-utils/0.95.0/sundr-model-utils-0.95.0.jar:/Users/carlosmendes/.m2/repository/io/sundr/sundr-model-repo/0.95.0/sundr-model-repo-0.95.0.jar:/Users/carlosmendes/.m2/repository/io/sundr/builder-annotations/0.95.0/builder-annotations-0.95.0.jar:/Users/carlosmendes/.m2/repository/io/sundr/sundr-codegen-apt/0.95.0/sundr-codegen-apt-0.95.0.jar:/Users/carlosmendes/.m2/repository/io/sundr/sundr-codegen-api/0.95.0/sundr-codegen-api-0.95.0.jar:/Users/carlosmendes/.m2/repository/io/sundr/sundr-adapter-apt/0.95.0/sundr-adapter-apt-0.95.0.jar:/Users/carlosmendes/.m2/repository/io/sundr/resourcecify-annotations/0.95.0/resourcecify-annotations-0.95.0.jar:/Users/carlosmendes/.m2/repository/org/apache/logging/log4j/log4j-slf4j-impl/2.20.0/log4j-slf4j-impl-2.20.0.jar:/Users/carlosmendes/.m2/repository/org/apache/logging/log4j/log4j-api/2.20.0/log4j-api-2.20.0.jar:/Users/carlosmendes/.m2/repository/org/apache/logging/log4j/log4j-core/2.20.0/log4j-core-2.20.0.jar:/Users/carlosmendes/.m2/repository/org/takes/takes/1.24.4/takes-1.24.4.jar:/Users/carlosmendes/.m2/repository/org/cactoos/cactoos/0.54.0/cactoos-0.54.0.jar:/Users/carlosmendes/.m2/repository/javax/xml/bind/jaxb-api/2.4.0-b180830.0359/jaxb-api-2.4.0-b180830.0359.jar:/Users/carlosmendes/.m2/repository/javax/activation/javax.activation-api/1.2.0/javax.activation-api-1.2.0.jar:/Users/carlosmendes/.m2/repository/com/sun/xml/bind/jaxb-core/4.0.0/jaxb-core-4.0.0.jar:/Users/carlosmendes/.m2/repository/jakarta/xml/bind/jakarta.xml.bind-api/4.0.0/jakarta.xml.bind-api-4.0.0.jar:/Users/carlosmendes/.m2/repository/jakarta/activation/jakarta.activation-api/2.1.0/jakarta.activation-api-2.1.0.jar:/Users/carlosmendes/.m2/repository/org/eclipse/angus/angus-activation/1.0.0/angus-activation-1.0.0.jar:/Users/carlosmendes/.m2/repository/com/sun/xml/bind/jaxb-impl/4.0.0/jaxb-impl-4.0.0.jar:/Users/carlosmendes/.m2/repository/org/junit/jupiter/junit-jupiter-api/5.9.2/junit-jupiter-api-5.9.2.jar:/Users/carlosmendes/.m2/repository/org/opentest4j/opentest4j/1.2.0/opentest4j-1.2.0.jar:/Users/carlosmendes/.m2/repository/org/junit/platform/junit-platform-commons/1.9.2/junit-platform-commons-1.9.2.jar:/Users/carlosmendes/.m2/repository/org/apiguardian/apiguardian-api/1.1.2/apiguardian-api-1.1.2.jar:/Users/carlosmendes/.m2/repository/org/junit/jupiter/junit-jupiter-engine/5.9.2/junit-jupiter-engine-5.9.2.jar:/Users/carlosmendes/.m2/repository/org/junit/platform/junit-platform-engine/1.9.2/junit-platform-engine-1.9.2.jar:/Users/carlosmendes/.m2/repository/org/awaitility/awaitility/4.2.0/awaitility-4.2.0.jar:/Users/carlosmendes/.m2/repository/org/hamcrest/hamcrest/2.1/hamcrest-2.1.jar:/Users/carlosmendes/.m2/repository/io/javaoperatorsdk/operator-framework-junit-5/4.4.1/operator-framework-junit-5-4.4.1.jar:/Users/carlosmendes/.m2/repository/org/assertj/assertj-core/3.24.2/assertj-core-3.24.2.jar:/Users/carlosmendes/.m2/repository/net/bytebuddy/byte-buddy/1.12.21/byte-buddy-1.12.21.jar:"/>
    <property name="sun.cpu.endian" value="little"/>
    <property name="user.home" value="/Users/carlosmendes"/>
    <property name="user.language" value="en"/>
    <property name="java.specification.vendor" value="Oracle Corporation"/>
    <property name="java.version.date" value="2022-01-18"/>
    <property name="java.home" value="/opt/homebrew/Cellar/openjdk/17.0.2/libexec/openjdk.jdk/Contents/Home"/>
    <property name="file.separator" value="/"/>
    <property name="basedir" value="/Users/carlosmendes/github/cmendesce/resilience-bench-operator"/>
    <property name="java.vm.compressedOopsMode" value="Zero based"/>
    <property name="line.separator" value="&#10;"/>
    <property name="java.vm.specification.vendor" value="Oracle Corporation"/>
    <property name="java.specification.name" value="Java Platform API Specification"/>
    <property name="surefire.real.class.path" value="/Users/carlosmendes/github/cmendesce/resilience-bench-operator/target/surefire/surefirebooter-20230902193040188_3.jar"/>
    <property name="sun.management.compiler" value="HotSpot 64-Bit Tiered Compilers"/>
    <property name="ftp.nonProxyHosts" value="local|*.local|169.254/16|*.169.254/16"/>
    <property name="java.runtime.version" value="17.0.2+0"/>
    <property name="user.name" value="carlosmendes"/>
    <property name="path.separator" value=":"/>
    <property name="os.version" value="13.4.1"/>
    <property name="java.runtime.name" value="OpenJDK Runtime Environment"/>
    <property name="file.encoding" value="UTF-8"/>
    <property name="java.vm.name" value="OpenJDK 64-Bit Server VM"/>
    <property name="java.vendor.version" value="Homebrew"/>
    <property name="localRepository" value="/Users/carlosmendes/.m2/repository"/>
    <property name="java.vendor.url.bug" value="https://github.com/Homebrew/homebrew-core/issues"/>
    <property name="java.io.tmpdir" value="/var/folders/4x/zvkfk12d5w30rt9ntvft304h0000gn/T/"/>
    <property name="idea.version" value="2021.3.3"/>
    <property name="java.version" value="17.0.2"/>
    <property name="user.dir" value="/Users/carlosmendes/github/cmendesce/resilience-bench-operator"/>
    <property name="os.arch" value="aarch64"/>
    <property name="java.vm.specification.name" value="Java Virtual Machine Specification"/>
    <property name="native.encoding" value="UTF-8"/>
    <property name="java.library.path" value="/Users/carlosmendes/Library/Java/Extensions:/Library/Java/Extensions:/Network/Library/Java/Extensions:/System/Library/Java/Extensions:/usr/lib/java:."/>
    <property name="java.vm.info" value="mixed mode, sharing"/>
    <property name="java.vendor" value="Homebrew"/>
    <property name="java.vm.version" value="17.0.2+0"/>
    <property name="sun.io.unicode.encoding" value="UnicodeBig"/>
    <property name="socksNonProxyHosts" value="local|*.local|169.254/16|*.169.254/16"/>
    <property name="java.class.version" value="61.0"/>
  </properties>
  <testcase name="should_expand_workload" classname="br.unifor.ppgia.resiliencebench.resources.BenchmarkFactoryTest" time="0.008"/>
</testsuite>